{
  "stats": {
    "suites": 1,
    "tests": 1,
    "passes": 1,
    "pending": 0,
    "failures": 0,
    "start": "2025-08-06T08:43:47.595Z",
    "end": "2025-08-06T08:44:09.189Z",
    "duration": 21594,
    "testsRegistered": 1,
    "passPercent": 100,
    "pendingPercent": 0,
    "other": 0,
    "hasOther": false,
    "skipped": 0,
    "hasSkipped": false
  },
  "results": [
    {
      "uuid": "1fb6d98e-906c-4529-8256-ca154f1dadbe",
      "title": "",
      "fullFile": "D:\\QA-digital.skola\\sesi10\\tugas-sesi-10\\test\\sesi-9\\test-sauce.js",
      "file": "\\test\\sesi-9\\test-sauce.js",
      "beforeHooks": [],
      "afterHooks": [],
      "tests": [],
      "suites": [
        {
          "uuid": "712442e9-ee4c-4ce0-82a5-2f8f6769487d",
          "title": "Google Search Test",
          "fullFile": "D:\\QA-digital.skola\\sesi10\\tugas-sesi-10\\test\\sesi-9\\test-sauce.js",
          "file": "\\test\\sesi-9\\test-sauce.js",
          "beforeHooks": [],
          "afterHooks": [],
          "tests": [
            {
              "title": "Visit SauceDemo dan mengurutkan A sampai Z",
              "fullTitle": "Google Search Test Visit SauceDemo dan mengurutkan A sampai Z",
              "timedOut": false,
              "duration": 21585,
              "state": "passed",
              "speed": "slow",
              "pass": true,
              "fail": false,
              "pending": false,
              "context": null,
              "code": "options = new chrome.Options();\n// options.addArguments('--incognito'); // option ke chrome supaya gaada popup password nya\ndriver = await new Builder()\n    .forBrowser('chrome')\n    // .setChromeOptions(options)\n    .build();\nawait driver.get('https://www.saucedemo.com');\nconst title = await driver.getTitle();\n// assert: memastikan object sama persis\nassert.strictEqual(title, 'Swag Labs');\n // inputs\n let inputUsername = await driver.findElement(By.css('[data-test=\"username\"]'))\n let inputPassword = await driver.findElement(By.xpath('//*[@data-test=\"password\"]'))\n let buttonLogin = await driver.findElement(By.className('submit-button btn_action'))\n await inputUsername.sendKeys('standard_user')\n await inputPassword.sendKeys('secret_sauce')\n await buttonLogin.click()\n\n// tunggu element tampil\nlet buttonCart = await driver.wait(\n    until.elementLocated(By.xpath('//*[@data-test=\"shopping-cart-link\"]')), \n    10000\n);\nawait driver.wait(until.elementIsVisible(buttonCart), 5000, 'Shopping cart harus tampil');\n\n// assert: elememt ada\nawait buttonCart.isDisplayed()\n// assert: text dalam element benar\nlet textAppLogo = await driver.findElement(By.className('app_logo'))\nlet logotext = await textAppLogo.getText()\nassert.equal(logotext, 'Swag Labs')\nawait driver.sleep(1700)\n// dropdown search\nlet dropdownSort = await driver.findElement(By.xpath('//select[@class=\"product_sort_container\"]'))\nawait dropdownSort.click()\nlet option = await driver.findElement(By.xpath('//option[text()=\"Name (A to Z)\"]'));\nawait option.click();\nawait driver.quit();",
              "err": {},
              "uuid": "55d3e01e-c7d4-4c87-9a5e-74a675b066f0",
              "parentUUID": "712442e9-ee4c-4ce0-82a5-2f8f6769487d",
              "isHook": false,
              "skipped": false
            }
          ],
          "suites": [],
          "passes": [
            "55d3e01e-c7d4-4c87-9a5e-74a675b066f0"
          ],
          "failures": [],
          "pending": [],
          "skipped": [],
          "duration": 21585,
          "root": false,
          "rootEmpty": false,
          "_timeout": 60000
        }
      ],
      "passes": [],
      "failures": [],
      "pending": [],
      "skipped": [],
      "duration": 0,
      "root": true,
      "rootEmpty": true,
      "_timeout": 60000
    }
  ],
  "meta": {
    "mocha": {
      "version": "10.8.2"
    },
    "mochawesome": {
      "options": {
        "quiet": false,
        "reportFilename": "mochawesome",
        "saveHtml": true,
        "saveJson": true,
        "consoleReporter": "spec",
        "useInlineDiffs": false,
        "code": true
      },
      "version": "7.1.3"
    },
    "marge": {
      "options": null,
      "version": "6.2.0"
    }
  }
}